<?xml version="1.0" encoding="UTF-8"?>
<!-- Generated by org.testng.reporters.JUnitReportReporter -->
<testsuite hostname="lENOVO-PC" failures="0" tests="4" name="com.durgasoft.ecommerce.homepage.TC001_CustomerRegistration" time="98.926" errors="0" timestamp="2022-10-04T13:54:59 IST" skipped="3">
  <testcase classname="com.durgasoft.ecommerce.homepage.TC001_CustomerRegistration" name="CustomerRegistration" time="19.871">
    <skipped/>
  </testcase> <!-- CustomerRegistration -->
  <system-out>
    <![CDATA[test is started CustomerRegistration
Retrying test CustomerRegistrationwith status FAILfor the 2times
test is skipped CustomerRegistration]]>
  </system-out>
  <testcase classname="com.durgasoft.ecommerce.homepage.TC001_CustomerRegistration" name="CustomerRegistration" time="18.336">
    <skipped/>
  </testcase> <!-- CustomerRegistration -->
  <system-out>
    <![CDATA[test is started CustomerRegistration
Retrying test CustomerRegistrationwith status FAILfor the 3times
test is skipped CustomerRegistration]]>
  </system-out>
  <testcase classname="com.durgasoft.ecommerce.homepage.TC001_CustomerRegistration" name="CustomerRegistration" time="35.430"/>
  <system-out>
    <![CDATA[test is started CustomerRegistration
test is passed CustomerRegistration]]>
  </system-out>
  <testcase classname="com.durgasoft.ecommerce.homepage.TC001_CustomerRegistration" name="CustomerRegistration" time="25.289">
    <skipped/>
  </testcase> <!-- CustomerRegistration -->
  <system-out>
    <![CDATA[test is started CustomerRegistration
Retrying test CustomerRegistrationwith status FAILfor the 1times
test is skipped CustomerRegistration]]>
  </system-out>
</testsuite> <!-- com.durgasoft.ecommerce.homepage.TC001_CustomerRegistration -->
