<?xml version="1.0" encoding="UTF-8"?>
<!-- Generated by org.testng.reporters.JUnitReportReporter -->
<testsuite hostname="lENOVO-PC" failures="0" tests="1" name="com.durgasoft.ecommerce.homepage.TC001_CustomerRegistration" time="57.874" errors="0" timestamp="2022-10-12T15:31:44 IST" skipped="0">
  <testcase classname="com.durgasoft.ecommerce.homepage.TC001_CustomerRegistration" name="CustomerRegistration" time="57.874"/>
  <system-out>
    <![CDATA[test is started CustomerRegistration
test is passed CustomerRegistration]]>
  </system-out>
</testsuite> <!-- com.durgasoft.ecommerce.homepage.TC001_CustomerRegistration -->
